{"level":"info","message":"Posts obtidos com sucesso!","service":"user-service"}
{"level":"info","message":"Posts obtidos com sucesso!"}
{"level":"info","message":"Posts obtidos com sucesso!"}
{"level":"info","message":"Posts obtidos com sucesso!"}
{"level":"info","message":"Posts obtidos com sucesso!"}
{"level":"info","message":"Posts obtidos com sucesso!"}
{"level":"info","message":"Posts obtidos com sucesso!"}
{"level":"info","message":"Posts obtidos com sucesso!"}
{"level":"info","message":"Posts obtidos com sucesso!"}
{"level":"info","message":""}
{"level":"info","message":"Posts"}
{"level":"info","message":"Posts obtidos"}
{"level":"info","message":"Posts obtidos com sucesso!"}
{"level":"info","message":"Posts obtidos com sucesso!"}
{"level":"info","message":"Posts obtidos com sucesso!"}
{"level":"error","message":"Ops! Algo deu errado."}
{"level":"error","message":"Ops! Algo deu errado."}
{"level":"error","message":"Ops! Algo deu errado."}
{"level":"error","message":"Ops, alguma coisa correu mal"}
{"level":"error","message":"Ops, alguma coisa correu mal"}
{"level":"error","message":"Ops, alguma coisa correu mal"}
